<?xml version="1.0" encoding="UTF-8"?>
<!-- Generated by org.testng.reporters.JUnitReportReporter -->
<testsuite hostname="DESKTOP-T4MFR2V" failures="0" tests="2" name="TestNG.TestNG_Batch_Dec_12th.FirstProgram" time="0.021" errors="0" timestamp="22 Dec 2023 06:53:19 GMT" skipped="0">
  <testcase classname="TestNG.TestNG_Batch_Dec_12th.FirstProgram" name="test1" time="0.007"/>
  <testcase classname="TestNG.TestNG_Batch_Dec_12th.FirstProgram" name="test2" time="0.014"/>
</testsuite> <!-- TestNG.TestNG_Batch_Dec_12th.FirstProgram -->
