<?xml version="1.0" encoding="UTF-8"?>
<!-- Generated by org.testng.reporters.JUnitReportReporter -->
<testsuite hostname="DESKTOP-T4MFR2V" failures="0" tests="5" name="TestNG.TestNG_Batch_Dec_12th.ParallelExecution" time="39.333" errors="0" timestamp="22 Dec 2023 06:23:24 GMT" skipped="0">
  <testcase classname="TestNG.TestNG_Batch_Dec_12th.ParallelExecution" name="test4" time="5.272"/>
  <testcase classname="TestNG.TestNG_Batch_Dec_12th.ParallelExecution" name="test3" time="6.506"/>
  <testcase classname="TestNG.TestNG_Batch_Dec_12th.ParallelExecution" name="test5" time="11.336"/>
  <testcase classname="TestNG.TestNG_Batch_Dec_12th.ParallelExecution" name="test1" time="9.273"/>
  <testcase classname="TestNG.TestNG_Batch_Dec_12th.ParallelExecution" name="test2" time="6.946"/>
</testsuite> <!-- TestNG.TestNG_Batch_Dec_12th.ParallelExecution -->
