<?xml version="1.0" encoding="UTF-8"?>
<!-- Generated by org.testng.reporters.JUnitReportReporter -->
<testsuite hostname="DESKTOP-T4MFR2V" failures="0" tests="3" name="TestNG.TestNG_Batch_Dec_12th.SeleniumWithAnnotation" time="40.078" errors="0" timestamp="22 Dec 2023 06:23:24 GMT" skipped="0">
  <testcase classname="TestNG.TestNG_Batch_Dec_12th.SeleniumWithAnnotation" name="test2" time="19.588"/>
  <testcase classname="TestNG.TestNG_Batch_Dec_12th.SeleniumWithAnnotation" name="test3" time="9.580"/>
  <testcase classname="TestNG.TestNG_Batch_Dec_12th.SeleniumWithAnnotation" name="test1" time="10.910"/>
</testsuite> <!-- TestNG.TestNG_Batch_Dec_12th.SeleniumWithAnnotation -->
