<?xml version="1.0" encoding="UTF-8"?>
<!-- Generated by org.testng.reporters.JUnitReportReporter -->
<testsuite hostname="DESKTOP-T4MFR2V" failures="0" tests="3" name="TestNG.TestNG_Batch_Dec_12th.AnnotationsProgram" time="0.042" errors="0" timestamp="22 Dec 2023 06:53:19 GMT" skipped="0">
  <testcase classname="TestNG.TestNG_Batch_Dec_12th.AnnotationsProgram" name="testcase_Tc02" time="0.016"/>
  <testcase classname="TestNG.TestNG_Batch_Dec_12th.AnnotationsProgram" name="testcase_Tc01" time="0.020"/>
  <testcase classname="TestNG.TestNG_Batch_Dec_12th.AnnotationsProgram" name="testcase_Tc03" time="0.006"/>
</testsuite> <!-- TestNG.TestNG_Batch_Dec_12th.AnnotationsProgram -->
