<?xml version="1.0" encoding="UTF-8"?>
<!-- Generated by org.testng.reporters.JUnitReportReporter -->
<testsuite hostname="DESKTOP-T4MFR2V" failures="0" tests="2" name="TestNG.TestNG_Batch_Dec_12th.EnviornmentVariables" time="6.702" errors="0" timestamp="20 Dec 2023 07:47:22 GMT" skipped="0">
  <testcase classname="TestNG.TestNG_Batch_Dec_12th.EnviornmentVariables" name="programLogic" time="6.685"/>
  <testcase classname="TestNG.TestNG_Batch_Dec_12th.EnviornmentVariables" name="profile" time="0.017"/>
</testsuite> <!-- TestNG.TestNG_Batch_Dec_12th.EnviornmentVariables -->
