<?xml version="1.0" encoding="UTF-8"?>
<!-- Generated by org.testng.reporters.JUnitReportReporter -->
<testsuite hostname="DESKTOP-T4MFR2V" failures="0" tests="3" name="TestNG.TestNG_Batch_Dec_12th.ProgramTwo" time="0.049" errors="0" timestamp="22 Dec 2023 06:53:19 GMT" skipped="0">
  <testcase classname="TestNG.TestNG_Batch_Dec_12th.ProgramTwo" name="loginCredentials" time="0.031"/>
  <testcase classname="TestNG.TestNG_Batch_Dec_12th.ProgramTwo" name="browserLaunch" time="0.010"/>
  <testcase classname="TestNG.TestNG_Batch_Dec_12th.ProgramTwo" name="shutdownApp" time="0.008"/>
</testsuite> <!-- TestNG.TestNG_Batch_Dec_12th.ProgramTwo -->
