<?xml version="1.0" encoding="UTF-8"?>
<!-- Generated by org.testng.reporters.JUnitReportReporter -->
<testsuite hostname="DESKTOP-T4MFR2V" failures="0" tests="5" name="TestNG.TestNG_Batch_Dec_12th.MultipleDatas" time="0.008" errors="0" timestamp="22 Dec 2023 06:23:24 GMT" skipped="0">
  <testcase classname="TestNG.TestNG_Batch_Dec_12th.MultipleDatas" name="testLogicOne" time="0.001"/>
  <testcase classname="TestNG.TestNG_Batch_Dec_12th.MultipleDatas" name="testLogicOne" time="0.002"/>
  <testcase classname="TestNG.TestNG_Batch_Dec_12th.MultipleDatas" name="testLogicOne" time="0.003"/>
  <testcase classname="TestNG.TestNG_Batch_Dec_12th.MultipleDatas" name="testLogicOne" time="0.001"/>
  <testcase classname="TestNG.TestNG_Batch_Dec_12th.MultipleDatas" name="testLogicOne" time="0.001"/>
</testsuite> <!-- TestNG.TestNG_Batch_Dec_12th.MultipleDatas -->
